build/app/intermediates/manifest_merge_blame_file/debug/manifest-merger-blame-debug-report.txt
1<?xml version="1.0" encoding="utf-8"?>
2<manifest xmlns:android="http://schemas.android.com/apk/res/android"
3    package="com.example.group_chat_app"
4    android:versionCode="1"
5    android:versionName="1.0.0" >
6
7    <uses-sdk
8        android:minSdkVersion="21"
9        android:targetSdkVersion="28" />
10    <!--
11         Flutter needs it to communicate with the running application
12         to allow setting breakpoints, to provide hot reload, etc.
13    -->
14    <uses-permission android:name="android.permission.INTERNET" />
14-->src\debug\AndroidManifest.xml:6:5-66
14-->src\debug\AndroidManifest.xml:6:22-64
15    <!-- Although the *SdkVersion is captured in gradle build files, this is required for non gradle builds -->
16    <!-- <uses-sdk android:minSdkVersion="14" /> -->
17    <uses-permission android:name="android.permission.ACCESS_NETWORK_STATE" />
17-->[com.google.firebase:firebase-firestore:21.3.0] AndroidManifest.xml:13:5-79
17-->[com.google.firebase:firebase-firestore:21.3.0] AndroidManifest.xml:13:22-76
18    <uses-permission android:name="android.permission.WAKE_LOCK" /> <!-- Required by older versions of Google Play services to create IID tokens -->
18-->[com.google.android.gms:play-services-measurement-api:17.2.2] AndroidManifest.xml:24:5-68
18-->[com.google.android.gms:play-services-measurement-api:17.2.2] AndroidManifest.xml:24:22-65
19    <uses-permission android:name="com.google.android.c2dm.permission.RECEIVE" />
19-->[com.google.firebase:firebase-iid:20.0.2] AndroidManifest.xml:26:5-82
19-->[com.google.firebase:firebase-iid:20.0.2] AndroidManifest.xml:26:22-79
20    <uses-permission android:name="com.google.android.finsky.permission.BIND_GET_INSTALL_REFERRER_SERVICE" />
20-->[com.google.android.gms:play-services-measurement:17.2.2] AndroidManifest.xml:26:5-110
20-->[com.google.android.gms:play-services-measurement:17.2.2] AndroidManifest.xml:26:22-107
21    <!--
22 io.flutter.app.FlutterApplication is an android.app.Application that
23         calls FlutterMain.startInitialization(this); in its onCreate method.
24         In most cases you can leave this as-is, but you if you want to provide
25         additional functionality it is fine to subclass or reimplement
26         FlutterApplication and put your custom class here.
27    -->
28    <application
28-->src\main\AndroidManifest.xml:8:5-29:19
29        android:name="io.flutter.app.FlutterApplication"
29-->src\main\AndroidManifest.xml:9:9-57
30        android:appComponentFactory="androidx.core.app.CoreComponentFactory"
30-->[androidx.core:core:1.1.0] AndroidManifest.xml:24:18-86
31        android:debuggable="true"
32        android:icon="@mipmap/ic_launcher"
32-->src\main\AndroidManifest.xml:11:9-43
33        android:label="group_chat_app" >
33-->src\main\AndroidManifest.xml:10:9-39
34        <activity
34-->src\main\AndroidManifest.xml:12:9-23:20
35            android:name="com.example.group_chat_app.MainActivity"
35-->src\main\AndroidManifest.xml:13:13-41
36            android:configChanges="orientation|keyboardHidden|keyboard|screenSize|smallestScreenSize|locale|layoutDirection|fontScale|screenLayout|density|uiMode"
36-->src\main\AndroidManifest.xml:16:13-163
37            android:hardwareAccelerated="true"
37-->src\main\AndroidManifest.xml:17:13-47
38            android:launchMode="singleTop"
38-->src\main\AndroidManifest.xml:14:13-43
39            android:theme="@style/LaunchTheme"
39-->src\main\AndroidManifest.xml:15:13-47
40            android:windowSoftInputMode="adjustResize" >
40-->src\main\AndroidManifest.xml:18:13-55
41            <intent-filter>
41-->src\main\AndroidManifest.xml:19:13-22:29
42                <action android:name="android.intent.action.MAIN" />
42-->src\main\AndroidManifest.xml:20:17-68
42-->src\main\AndroidManifest.xml:20:25-66
43
44                <category android:name="android.intent.category.LAUNCHER" />
44-->src\main\AndroidManifest.xml:21:17-76
44-->src\main\AndroidManifest.xml:21:27-74
45            </intent-filter>
46        </activity>
47        <!--
48             Don't delete the meta-data below.
49             This is used by the Flutter tool to generate GeneratedPluginRegistrant.java
50        -->
51        <meta-data
51-->src\main\AndroidManifest.xml:26:9-28:33
52            android:name="flutterEmbedding"
52-->src\main\AndroidManifest.xml:27:13-44
53            android:value="2" />
53-->src\main\AndroidManifest.xml:28:13-30
54
55        <service
55-->[:cloud_firestore] AndroidManifest.xml:8:9-12:19
56            android:name="com.google.firebase.components.ComponentDiscoveryService"
56-->[:cloud_firestore] AndroidManifest.xml:8:18-89
57            android:directBootAware="true"
57-->[com.google.firebase:firebase-common:19.3.0] AndroidManifest.xml:34:13-43
58            android:exported="false" >
58-->[com.google.firebase:firebase-auth:19.2.0] AndroidManifest.xml:35:13-37
59            <meta-data
59-->[:cloud_firestore] AndroidManifest.xml:9:13-11:85
60                android:name="com.google.firebase.components:io.flutter.plugins.firebase.cloudfirestore.FlutterFirebaseAppRegistrar"
60-->[:cloud_firestore] AndroidManifest.xml:10:17-133
61                android:value="com.google.firebase.components.ComponentRegistrar" />
61-->[:cloud_firestore] AndroidManifest.xml:11:17-82
62            <meta-data
62-->[:firebase_auth] AndroidManifest.xml:9:13-11:85
63                android:name="com.google.firebase.components:io.flutter.plugins.firebaseauth.FlutterFirebaseAppRegistrar"
63-->[:firebase_auth] AndroidManifest.xml:10:17-122
64                android:value="com.google.firebase.components.ComponentRegistrar" />
64-->[:firebase_auth] AndroidManifest.xml:11:17-82
65            <meta-data
65-->[:firebase_core] AndroidManifest.xml:9:13-11:85
66                android:name="com.google.firebase.components:io.flutter.plugins.firebase.core.FlutterFirebaseAppRegistrar"
66-->[:firebase_core] AndroidManifest.xml:10:17-123
67                android:value="com.google.firebase.components.ComponentRegistrar" />
67-->[:firebase_core] AndroidManifest.xml:11:17-82
68            <meta-data
68-->[com.google.firebase:firebase-auth:19.2.0] AndroidManifest.xml:36:13-38:85
69                android:name="com.google.firebase.components:com.google.firebase.auth.FirebaseAuthRegistrar"
69-->[com.google.firebase:firebase-auth:19.2.0] AndroidManifest.xml:37:17-109
70                android:value="com.google.firebase.components.ComponentRegistrar" />
70-->[com.google.firebase:firebase-auth:19.2.0] AndroidManifest.xml:38:17-82
71            <meta-data
71-->[com.google.firebase:firebase-firestore:21.3.0] AndroidManifest.xml:20:13-22:85
72                android:name="com.google.firebase.components:com.google.firebase.firestore.FirestoreRegistrar"
72-->[com.google.firebase:firebase-firestore:21.3.0] AndroidManifest.xml:21:17-111
73                android:value="com.google.firebase.components.ComponentRegistrar" />
73-->[com.google.firebase:firebase-firestore:21.3.0] AndroidManifest.xml:22:17-82
74            <meta-data
74-->[com.google.android.gms:play-services-measurement-api:17.2.2] AndroidManifest.xml:30:13-32:85
75                android:name="com.google.firebase.components:com.google.firebase.analytics.connector.internal.AnalyticsConnectorRegistrar"
75-->[com.google.android.gms:play-services-measurement-api:17.2.2] AndroidManifest.xml:31:17-139
76                android:value="com.google.firebase.components.ComponentRegistrar" />
76-->[com.google.android.gms:play-services-measurement-api:17.2.2] AndroidManifest.xml:32:17-82
77            <meta-data
77-->[com.google.firebase:firebase-iid:20.0.2] AndroidManifest.xml:32:13-34:85
78                android:name="com.google.firebase.components:com.google.firebase.iid.Registrar"
78-->[com.google.firebase:firebase-iid:20.0.2] AndroidManifest.xml:33:17-96
79                android:value="com.google.firebase.components.ComponentRegistrar" />
79-->[com.google.firebase:firebase-iid:20.0.2] AndroidManifest.xml:34:17-82
80        </service>
81
82        <activity
82-->[com.google.firebase:firebase-auth:19.2.0] AndroidManifest.xml:24:9-31:50
83            android:name="com.google.firebase.auth.internal.FederatedSignInActivity"
83-->[com.google.firebase:firebase-auth:19.2.0] AndroidManifest.xml:25:13-85
84            android:excludeFromRecents="true"
84-->[com.google.firebase:firebase-auth:19.2.0] AndroidManifest.xml:26:13-46
85            android:exported="true"
85-->[com.google.firebase:firebase-auth:19.2.0] AndroidManifest.xml:27:13-36
86            android:launchMode="singleTask"
86-->[com.google.firebase:firebase-auth:19.2.0] AndroidManifest.xml:28:13-44
87            android:permission="com.google.firebase.auth.api.gms.permission.LAUNCH_FEDERATED_SIGN_IN"
87-->[com.google.firebase:firebase-auth:19.2.0] AndroidManifest.xml:29:13-102
88            android:theme="@android:style/Theme.Translucent.NoTitleBar" />
88-->[com.google.firebase:firebase-auth:19.2.0] AndroidManifest.xml:30:13-72
89
90        <receiver
90-->[com.google.firebase:firebase-iid:20.0.2] AndroidManifest.xml:37:9-44:20
91            android:name="com.google.firebase.iid.FirebaseInstanceIdReceiver"
91-->[com.google.firebase:firebase-iid:20.0.2] AndroidManifest.xml:38:13-78
92            android:exported="true"
92-->[com.google.firebase:firebase-iid:20.0.2] AndroidManifest.xml:39:13-36
93            android:permission="com.google.android.c2dm.permission.SEND" >
93-->[com.google.firebase:firebase-iid:20.0.2] AndroidManifest.xml:40:13-73
94            <intent-filter>
94-->[com.google.firebase:firebase-iid:20.0.2] AndroidManifest.xml:41:13-43:29
95                <action android:name="com.google.android.c2dm.intent.RECEIVE" />
95-->[com.google.firebase:firebase-iid:20.0.2] AndroidManifest.xml:42:17-81
95-->[com.google.firebase:firebase-iid:20.0.2] AndroidManifest.xml:42:25-78
96            </intent-filter>
97        </receiver>
98
99        <provider
99-->[com.google.firebase:firebase-common:19.3.0] AndroidManifest.xml:26:9-30:39
100            android:name="com.google.firebase.provider.FirebaseInitProvider"
100-->[com.google.firebase:firebase-common:19.3.0] AndroidManifest.xml:27:13-77
101            android:authorities="com.example.group_chat_app.firebaseinitprovider"
101-->[com.google.firebase:firebase-common:19.3.0] AndroidManifest.xml:28:13-72
102            android:exported="false"
102-->[com.google.firebase:firebase-common:19.3.0] AndroidManifest.xml:29:13-37
103            android:initOrder="100" />
103-->[com.google.firebase:firebase-common:19.3.0] AndroidManifest.xml:30:13-36
104
105        <receiver
105-->[com.google.android.gms:play-services-measurement:17.2.2] AndroidManifest.xml:29:9-33:20
106            android:name="com.google.android.gms.measurement.AppMeasurementReceiver"
106-->[com.google.android.gms:play-services-measurement:17.2.2] AndroidManifest.xml:30:13-85
107            android:enabled="true"
107-->[com.google.android.gms:play-services-measurement:17.2.2] AndroidManifest.xml:31:13-35
108            android:exported="false" >
108-->[com.google.android.gms:play-services-measurement:17.2.2] AndroidManifest.xml:32:13-37
109        </receiver>
110        <receiver
110-->[com.google.android.gms:play-services-measurement:17.2.2] AndroidManifest.xml:34:9-42:20
111            android:name="com.google.android.gms.measurement.AppMeasurementInstallReferrerReceiver"
111-->[com.google.android.gms:play-services-measurement:17.2.2] AndroidManifest.xml:35:13-100
112            android:enabled="true"
112-->[com.google.android.gms:play-services-measurement:17.2.2] AndroidManifest.xml:36:13-35
113            android:exported="true"
113-->[com.google.android.gms:play-services-measurement:17.2.2] AndroidManifest.xml:37:13-36
114            android:permission="android.permission.INSTALL_PACKAGES" >
114-->[com.google.android.gms:play-services-measurement:17.2.2] AndroidManifest.xml:38:13-69
115            <intent-filter>
115-->[com.google.android.gms:play-services-measurement:17.2.2] AndroidManifest.xml:39:13-41:29
116                <action android:name="com.android.vending.INSTALL_REFERRER" />
116-->[com.google.android.gms:play-services-measurement:17.2.2] AndroidManifest.xml:40:17-79
116-->[com.google.android.gms:play-services-measurement:17.2.2] AndroidManifest.xml:40:25-76
117            </intent-filter>
118        </receiver>
119
120        <service
120-->[com.google.android.gms:play-services-measurement:17.2.2] AndroidManifest.xml:44:9-47:40
121            android:name="com.google.android.gms.measurement.AppMeasurementService"
121-->[com.google.android.gms:play-services-measurement:17.2.2] AndroidManifest.xml:45:13-84
122            android:enabled="true"
122-->[com.google.android.gms:play-services-measurement:17.2.2] AndroidManifest.xml:46:13-35
123            android:exported="false" />
123-->[com.google.android.gms:play-services-measurement:17.2.2] AndroidManifest.xml:47:13-37
124        <service
124-->[com.google.android.gms:play-services-measurement:17.2.2] AndroidManifest.xml:48:9-52:72
125            android:name="com.google.android.gms.measurement.AppMeasurementJobService"
125-->[com.google.android.gms:play-services-measurement:17.2.2] AndroidManifest.xml:49:13-87
126            android:enabled="true"
126-->[com.google.android.gms:play-services-measurement:17.2.2] AndroidManifest.xml:50:13-35
127            android:exported="false"
127-->[com.google.android.gms:play-services-measurement:17.2.2] AndroidManifest.xml:51:13-37
128            android:permission="android.permission.BIND_JOB_SERVICE" />
128-->[com.google.android.gms:play-services-measurement:17.2.2] AndroidManifest.xml:52:13-69
129
130        <activity
130-->[com.google.android.gms:play-services-base:17.1.0] AndroidManifest.xml:23:9-26:75
131            android:name="com.google.android.gms.common.api.GoogleApiActivity"
131-->[com.google.android.gms:play-services-base:17.1.0] AndroidManifest.xml:24:13-79
132            android:exported="false"
132-->[com.google.android.gms:play-services-base:17.1.0] AndroidManifest.xml:25:13-37
133            android:theme="@android:style/Theme.Translucent.NoTitleBar" />
133-->[com.google.android.gms:play-services-base:17.1.0] AndroidManifest.xml:26:13-72
134
135        <meta-data
135-->[com.google.android.gms:play-services-basement:17.0.0] AndroidManifest.xml:23:9-25:69
136            android:name="com.google.android.gms.version"
136-->[com.google.android.gms:play-services-basement:17.0.0] AndroidManifest.xml:24:13-58
137            android:value="@integer/google_play_services_version" />
137-->[com.google.android.gms:play-services-basement:17.0.0] AndroidManifest.xml:25:13-66
138    </application>
139
140</manifest>